2025-11-26T11:11:11.474+01:00  INFO 9696 --- [libreria] [restartedMain] c.b.libreria.LibreriaApplication         : Starting LibreriaApplication using Java 17.0.16 with PID 9696 (C:\Users\daw\Desktop\SpringBoot-david\libreria\target\classes started by daw in C:\Users\daw\Desktop\SpringBoot-david\libreria)
2025-11-26T11:11:11.482+01:00  INFO 9696 --- [libreria] [restartedMain] c.b.libreria.LibreriaApplication         : No active profile set, falling back to 1 default profile: "default"
2025-11-26T11:11:11.536+01:00  INFO 9696 --- [libreria] [restartedMain] .e.DevToolsPropertyDefaultsPostProcessor : Devtools property defaults active! Set 'spring.devtools.add-properties' to 'false' to disable
2025-11-26T11:11:11.537+01:00  INFO 9696 --- [libreria] [restartedMain] .e.DevToolsPropertyDefaultsPostProcessor : For additional web related logging consider setting the 'logging.level.web' property to 'DEBUG'
2025-11-26T11:11:12.801+01:00  INFO 9696 --- [libreria] [restartedMain] .s.d.r.c.RepositoryConfigurationDelegate : Bootstrapping Spring Data JPA repositories in DEFAULT mode.
2025-11-26T11:11:12.877+01:00  INFO 9696 --- [libreria] [restartedMain] .s.d.r.c.RepositoryConfigurationDelegate : Finished Spring Data repository scanning in 66 ms. Found 3 JPA repository interfaces.
2025-11-26T11:11:13.879+01:00  INFO 9696 --- [libreria] [restartedMain] o.s.b.w.embedded.tomcat.TomcatWebServer  : Tomcat initialized with port 8081 (http)
2025-11-26T11:11:13.893+01:00  INFO 9696 --- [libreria] [restartedMain] o.apache.catalina.core.StandardService   : Starting service [Tomcat]
2025-11-26T11:11:13.894+01:00  INFO 9696 --- [libreria] [restartedMain] o.apache.catalina.core.StandardEngine    : Starting Servlet engine: [Apache Tomcat/10.1.30]
2025-11-26T11:11:13.982+01:00  INFO 9696 --- [libreria] [restartedMain] o.a.c.c.C.[Tomcat].[localhost].[/]       : Initializing Spring embedded WebApplicationContext
2025-11-26T11:11:13.983+01:00  INFO 9696 --- [libreria] [restartedMain] w.s.c.ServletWebServerApplicationContext : Root WebApplicationContext: initialization completed in 2444 ms
2025-11-26T11:11:14.406+01:00  INFO 9696 --- [libreria] [restartedMain] o.hibernate.jpa.internal.util.LogHelper  : HHH000204: Processing PersistenceUnitInfo [name: default]
2025-11-26T11:11:14.481+01:00  INFO 9696 --- [libreria] [restartedMain] org.hibernate.Version                    : HHH000412: Hibernate ORM core version 6.5.3.Final
2025-11-26T11:11:14.527+01:00  INFO 9696 --- [libreria] [restartedMain] o.h.c.internal.RegionFactoryInitiator    : HHH000026: Second-level cache disabled
2025-11-26T11:11:14.912+01:00  INFO 9696 --- [libreria] [restartedMain] o.s.o.j.p.SpringPersistenceUnitInfo      : No LoadTimeWeaver setup: ignoring JPA class transformer
2025-11-26T11:11:14.956+01:00  INFO 9696 --- [libreria] [restartedMain] com.zaxxer.hikari.HikariDataSource       : HikariPool-1 - Starting...
2025-11-26T11:11:15.273+01:00  INFO 9696 --- [libreria] [restartedMain] com.zaxxer.hikari.pool.HikariPool        : HikariPool-1 - Added connection com.mysql.cj.jdbc.ConnectionImpl@7c431a68
2025-11-26T11:11:15.275+01:00  INFO 9696 --- [libreria] [restartedMain] com.zaxxer.hikari.HikariDataSource       : HikariPool-1 - Start completed.
2025-11-26T11:11:15.332+01:00  WARN 9696 --- [libreria] [restartedMain] org.hibernate.orm.deprecation            : HHH90000025: MySQLDialect does not need to be specified explicitly using 'hibernate.dialect' (remove the property setting and it will be selected by default)
2025-11-26T11:11:16.473+01:00  INFO 9696 --- [libreria] [restartedMain] o.h.e.t.j.p.i.JtaPlatformInitiator       : HHH000489: No JTA platform available (set 'hibernate.transaction.jta.platform' to enable JTA platform integration)
2025-11-26T11:11:16.608+01:00  INFO 9696 --- [libreria] [restartedMain] j.LocalContainerEntityManagerFactoryBean : Initialized JPA EntityManagerFactory for persistence unit 'default'
2025-11-26T11:11:17.202+01:00  WARN 9696 --- [libreria] [restartedMain] JpaBaseConfiguration$JpaWebConfiguration : spring.jpa.open-in-view is enabled by default. Therefore, database queries may be performed during view rendering. Explicitly configure spring.jpa.open-in-view to disable this warning
2025-11-26T11:11:17.329+01:00  INFO 9696 --- [libreria] [restartedMain] r$InitializeUserDetailsManagerConfigurer : Global AuthenticationManager configured with UserDetailsService bean with name accesoAdmin
2025-11-26T11:11:17.440+01:00  INFO 9696 --- [libreria] [restartedMain] o.s.b.a.w.s.WelcomePageHandlerMapping    : Adding welcome page template: index
2025-11-26T11:11:17.917+01:00  INFO 9696 --- [libreria] [restartedMain] o.s.b.a.e.web.EndpointLinksResolver      : Exposing 1 endpoint beneath base path '/actuator'
2025-11-26T11:11:18.617+01:00  INFO 9696 --- [libreria] [restartedMain] o.s.b.d.a.OptionalLiveReloadServer       : LiveReload server is running on port 35729
2025-11-26T11:11:18.721+01:00  INFO 9696 --- [libreria] [restartedMain] o.s.b.w.embedded.tomcat.TomcatWebServer  : Tomcat started on port 8081 (http) with context path '/'
2025-11-26T11:11:18.741+01:00  INFO 9696 --- [libreria] [restartedMain] c.b.libreria.LibreriaApplication         : Started LibreriaApplication in 7.688 seconds (process running for 8.385)
2025-11-26T11:11:20.258+01:00  INFO 9696 --- [libreria] [RMI TCP Connection(2)-127.0.0.1] o.a.c.c.C.[Tomcat].[localhost].[/]       : Initializing Spring DispatcherServlet 'dispatcherServlet'
2025-11-26T11:11:20.258+01:00  INFO 9696 --- [libreria] [RMI TCP Connection(2)-127.0.0.1] o.s.web.servlet.DispatcherServlet        : Initializing Servlet 'dispatcherServlet'
2025-11-26T11:11:20.259+01:00  INFO 9696 --- [libreria] [RMI TCP Connection(2)-127.0.0.1] o.s.web.servlet.DispatcherServlet        : Completed initialization in 1 ms
